<?xml version="1.0" encoding="UTF-8"?>
<!-- Generated by org.testng.reporters.JUnitXMLReporter -->
<testsuite ignored="0" hostname="DESKTOP-BKS66NO" failures="0" tests="6" name="Test" time="0.115" errors="0" timestamp="2022-10-07T17:35:34 IST">
  <testcase classname="GPPTest.TestClass2" name="test1" time="0.016"/>
  <testcase classname="GPPTest.TestClass2" name="test2" time="0.002"/>
  <testcase classname="GPPTest.TestClass2" name="test3" time="0.002"/>
  <testcase classname="GPPTest.TestClass2" name="test4" time="0.002"/>
  <testcase classname="GPPTest.TestClass" name="testA" time="0.002"/>
  <testcase classname="GPPTest.TestClass" name="testB" time="0.001"/>
</testsuite> <!-- Test -->
